<?xml version="1.0" encoding="UTF-8"?>
<testng-results ignored="0" total="5" passed="4" failed="1" skipped="0">
  <reporter-output>
  </reporter-output>
  <suite started-at="2023-07-25T18:45:44 IST" name="Default suite" finished-at="2023-07-25T18:46:39 IST" duration-ms="54400">
    <groups>
    </groups>
    <test started-at="2023-07-25T18:45:44 IST" name="Default test" finished-at="2023-07-25T18:46:39 IST" duration-ms="54400">
      <class name="Assert.TestCase2">
        <test-method is-config="true" signature="beforemethod1()[pri:0, instance:Assert.TestCase2@2794eab6]" started-at="2023-07-25T18:45:44 IST" name="beforemethod1" finished-at="2023-07-25T18:45:52 IST" duration-ms="7848" status="PASS">
          <reporter-output>
          </reporter-output>
        </test-method> <!-- beforemethod1 -->
        <test-method signature="testcase11()[pri:0, instance:Assert.TestCase2@2794eab6]" started-at="2023-07-25T18:45:52 IST" name="testcase11" finished-at="2023-07-25T18:45:52 IST" duration-ms="85" status="FAIL">
          <exception class="java.lang.AssertionError">
            <message>
              <![CDATA[Entered letter is not displayed expected [kavii] but found [kavi]]]>
            </message>
            <full-stacktrace>
              <![CDATA[java.lang.AssertionError: Entered letter is not displayed expected [kavii] but found [kavi]
at org.testng.Assert.fail(Assert.java:111)
at org.testng.Assert.failNotEquals(Assert.java:1578)
at org.testng.Assert.assertEqualsImpl(Assert.java:150)
at org.testng.Assert.assertEquals(Assert.java:132)
at org.testng.Assert.assertEquals(Assert.java:656)
at Assert.OrangeHrmValidation.search(OrangeHrmValidation.java:62)
at Assert.TestCase2.testcase11(TestCase2.java:39)
at java.base/jdk.internal.reflect.NativeMethodAccessorImpl.invoke0(Native Method)
at java.base/jdk.internal.reflect.NativeMethodAccessorImpl.invoke(NativeMethodAccessorImpl.java:77)
at java.base/jdk.internal.reflect.DelegatingMethodAccessorImpl.invoke(DelegatingMethodAccessorImpl.java:43)
at java.base/java.lang.reflect.Method.invoke(Method.java:568)
at org.testng.internal.invokers.MethodInvocationHelper.invokeMethod(MethodInvocationHelper.java:139)
at org.testng.internal.invokers.TestInvoker.invokeMethod(TestInvoker.java:664)
at org.testng.internal.invokers.TestInvoker.invokeTestMethod(TestInvoker.java:227)
at org.testng.internal.invokers.MethodRunner.runInSequence(MethodRunner.java:50)
at org.testng.internal.invokers.TestInvoker$MethodInvocationAgent.invoke(TestInvoker.java:957)
at org.testng.internal.invokers.TestInvoker.invokeTestMethods(TestInvoker.java:200)
at org.testng.internal.invokers.TestMethodWorker.invokeTestMethods(TestMethodWorker.java:148)
at org.testng.internal.invokers.TestMethodWorker.run(TestMethodWorker.java:128)
at java.base/java.util.ArrayList.forEach(ArrayList.java:1511)
at org.testng.TestRunner.privateRun(TestRunner.java:848)
at org.testng.TestRunner.run(TestRunner.java:621)
at org.testng.SuiteRunner.runTest(SuiteRunner.java:443)
at org.testng.SuiteRunner.runSequentially(SuiteRunner.java:437)
at org.testng.SuiteRunner.privateRun(SuiteRunner.java:397)
at org.testng.SuiteRunner.run(SuiteRunner.java:336)
at org.testng.SuiteRunnerWorker.runSuite(SuiteRunnerWorker.java:52)
at org.testng.SuiteRunnerWorker.run(SuiteRunnerWorker.java:95)
at org.testng.TestNG.runSuitesSequentially(TestNG.java:1280)
at org.testng.TestNG.runSuitesLocally(TestNG.java:1200)
at org.testng.TestNG.runSuites(TestNG.java:1114)
at org.testng.TestNG.run(TestNG.java:1082)
at org.testng.remote.AbstractRemoteTestNG.run(AbstractRemoteTestNG.java:115)
at org.testng.remote.RemoteTestNG.initAndRun(RemoteTestNG.java:251)
at org.testng.remote.RemoteTestNG.main(RemoteTestNG.java:77)
]]>
            </full-stacktrace>
          </exception> <!-- java.lang.AssertionError -->
          <reporter-output>
          </reporter-output>
        </test-method> <!-- testcase11 -->
        <test-method is-config="true" signature="aftermethod1()[pri:0, instance:Assert.TestCase2@2794eab6]" started-at="2023-07-25T18:45:52 IST" name="aftermethod1" finished-at="2023-07-25T18:45:55 IST" duration-ms="2181" status="PASS">
          <reporter-output>
          </reporter-output>
        </test-method> <!-- aftermethod1 -->
        <test-method is-config="true" signature="beforemethod1()[pri:0, instance:Assert.TestCase2@2794eab6]" started-at="2023-07-25T18:45:55 IST" name="beforemethod1" finished-at="2023-07-25T18:46:02 IST" duration-ms="7156" status="PASS">
          <reporter-output>
          </reporter-output>
        </test-method> <!-- beforemethod1 -->
        <test-method signature="testcase12()[pri:0, instance:Assert.TestCase2@2794eab6]" started-at="2023-07-25T18:46:02 IST" name="testcase12" finished-at="2023-07-25T18:46:04 IST" duration-ms="1949" status="PASS">
          <reporter-output>
          </reporter-output>
        </test-method> <!-- testcase12 -->
        <test-method is-config="true" signature="aftermethod1()[pri:0, instance:Assert.TestCase2@2794eab6]" started-at="2023-07-25T18:46:04 IST" name="aftermethod1" finished-at="2023-07-25T18:46:05 IST" duration-ms="1287" status="PASS">
          <reporter-output>
          </reporter-output>
        </test-method> <!-- aftermethod1 -->
        <test-method is-config="true" signature="beforemethod1()[pri:0, instance:Assert.TestCase2@2794eab6]" started-at="2023-07-25T18:46:05 IST" name="beforemethod1" finished-at="2023-07-25T18:46:12 IST" duration-ms="6667" status="PASS">
          <reporter-output>
          </reporter-output>
        </test-method> <!-- beforemethod1 -->
        <test-method signature="testcase13()[pri:0, instance:Assert.TestCase2@2794eab6]" started-at="2023-07-25T18:46:12 IST" name="testcase13" finished-at="2023-07-25T18:46:13 IST" duration-ms="1695" status="PASS">
          <reporter-output>
          </reporter-output>
        </test-method> <!-- testcase13 -->
        <test-method is-config="true" signature="aftermethod1()[pri:0, instance:Assert.TestCase2@2794eab6]" started-at="2023-07-25T18:46:13 IST" name="aftermethod1" finished-at="2023-07-25T18:46:15 IST" duration-ms="2179" status="PASS">
          <reporter-output>
          </reporter-output>
        </test-method> <!-- aftermethod1 -->
        <test-method is-config="true" signature="beforemethod1()[pri:0, instance:Assert.TestCase2@2794eab6]" started-at="2023-07-25T18:46:15 IST" name="beforemethod1" finished-at="2023-07-25T18:46:24 IST" duration-ms="8304" status="PASS">
          <reporter-output>
          </reporter-output>
        </test-method> <!-- beforemethod1 -->
        <test-method signature="testcase14()[pri:0, instance:Assert.TestCase2@2794eab6]" started-at="2023-07-25T18:46:24 IST" name="testcase14" finished-at="2023-07-25T18:46:26 IST" duration-ms="1872" status="PASS">
          <reporter-output>
          </reporter-output>
        </test-method> <!-- testcase14 -->
        <test-method is-config="true" signature="aftermethod1()[pri:0, instance:Assert.TestCase2@2794eab6]" started-at="2023-07-25T18:46:26 IST" name="aftermethod1" finished-at="2023-07-25T18:46:28 IST" duration-ms="2147" status="PASS">
          <reporter-output>
          </reporter-output>
        </test-method> <!-- aftermethod1 -->
        <test-method is-config="true" signature="beforemethod1()[pri:0, instance:Assert.TestCase2@2794eab6]" started-at="2023-07-25T18:46:28 IST" name="beforemethod1" finished-at="2023-07-25T18:46:35 IST" duration-ms="7152" status="PASS">
          <reporter-output>
          </reporter-output>
        </test-method> <!-- beforemethod1 -->
        <test-method signature="testcase15()[pri:0, instance:Assert.TestCase2@2794eab6]" started-at="2023-07-25T18:46:35 IST" name="testcase15" finished-at="2023-07-25T18:46:37 IST" duration-ms="1867" status="PASS">
          <reporter-output>
          </reporter-output>
        </test-method> <!-- testcase15 -->
        <test-method is-config="true" signature="aftermethod1()[pri:0, instance:Assert.TestCase2@2794eab6]" started-at="2023-07-25T18:46:37 IST" name="aftermethod1" finished-at="2023-07-25T18:46:39 IST" duration-ms="1976" status="PASS">
          <reporter-output>
          </reporter-output>
        </test-method> <!-- aftermethod1 -->
      </class> <!-- Assert.TestCase2 -->
    </test> <!-- Default test -->
  </suite> <!-- Default suite -->
</testng-results>
